<?xml version="1.0" encoding="UTF-8"?>
<testng-results ignored="0" total="2" passed="2" failed="0" skipped="0">
  <reporter-output>
  </reporter-output>
  <suite started-at="2020-12-11T23:36:58 IST" name="HRM Test Suite" finished-at="2020-12-11T23:37:12 IST" duration-ms="13849">
    <groups>
    </groups>
    <test started-at="2020-12-11T23:36:58 IST" name="Verify Pending Leave Request" finished-at="2020-12-11T23:37:07 IST" duration-ms="9155">
      <class name="testCases.VerifyPendingLeaveRequest">
        <test-method signature="verifyPendingLeaveRequests()[pri:0, instance:testCases.VerifyPendingLeaveRequest@3c9d0b9d]" started-at="2020-12-11T23:36:58 IST" name="verifyPendingLeaveRequests" finished-at="2020-12-11T23:37:07 IST" duration-ms="9107" status="PASS">
          <reporter-output>
          </reporter-output>
        </test-method> <!-- verifyPendingLeaveRequests -->
      </class> <!-- testCases.VerifyPendingLeaveRequest -->
    </test> <!-- Verify Pending Leave Request -->
    <test started-at="2020-12-11T23:37:07 IST" name="Check User Role and Status" finished-at="2020-12-11T23:37:12 IST" duration-ms="4655">
      <class name="testCases.CheckUserRoleAndStatus">
        <test-method is-config="true" signature="launchBrowser()[pri:0, instance:testCases.CheckUserRoleAndStatus@5c909414]" started-at="2020-12-11T23:36:44 IST" name="launchBrowser" finished-at="2020-12-11T23:36:58 IST" duration-ms="14093" status="PASS">
          <reporter-output>
          </reporter-output>
        </test-method> <!-- launchBrowser -->
        <test-method signature="checkUserRoleAndStatus()[pri:0, instance:testCases.CheckUserRoleAndStatus@5c909414]" started-at="2020-12-11T23:37:07 IST" name="checkUserRoleAndStatus" finished-at="2020-12-11T23:37:12 IST" duration-ms="4651" status="PASS">
          <reporter-output>
          </reporter-output>
        </test-method> <!-- checkUserRoleAndStatus -->
        <test-method is-config="true" signature="closeBrowser()[pri:0, instance:testCases.CheckUserRoleAndStatus@5c909414]" started-at="2020-12-11T23:37:12 IST" name="closeBrowser" finished-at="2020-12-11T23:37:12 IST" duration-ms="767" status="PASS">
          <reporter-output>
          </reporter-output>
        </test-method> <!-- closeBrowser -->
      </class> <!-- testCases.CheckUserRoleAndStatus -->
    </test> <!-- Check User Role and Status -->
  </suite> <!-- HRM Test Suite -->
</testng-results>
